c:\users\asus gm501\desktop\game3015_a2_lamhong\game3015_a1_lamhong\x64\debug\vc142.pdb
c:\users\asus gm501\desktop\game3015_a2_lamhong\game3015_a1_lamhong\x64\debug\vc142.idb
c:\users\asus gm501\desktop\game3015_a2_lamhong\game3015_a1_lamhong\x64\debug\scenenode.obj
c:\users\asus gm501\desktop\game3015_a2_lamhong\game3015_a1_lamhong\x64\debug\player.obj
c:\users\asus gm501\desktop\game3015_a2_lamhong\game3015_a1_lamhong\x64\debug\pausestate.obj
c:\users\asus gm501\desktop\game3015_a2_lamhong\game3015_a1_lamhong\x64\debug\menustate.obj
c:\users\asus gm501\desktop\game3015_a2_lamhong\game3015_a1_lamhong\x64\debug\image.obj
c:\users\asus gm501\desktop\game3015_a2_lamhong\game3015_a1_lamhong\x64\debug\gamestate.obj
c:\users\asus gm501\desktop\game3015_a2_lamhong\game3015_a1_lamhong\x64\debug\gameinfo.obj
c:\users\asus gm501\desktop\game3015_a2_lamhong\game3015_a1_lamhong\x64\debug\game.obj
c:\users\asus gm501\desktop\game3015_a2_lamhong\game3015_a1_lamhong\x64\debug\frameresource.obj
c:\users\asus gm501\desktop\game3015_a2_lamhong\game3015_a1_lamhong\x64\debug\entity.obj
c:\users\asus gm501\desktop\game3015_a2_lamhong\game3015_a1_lamhong\x64\debug\mathhelper.obj
c:\users\asus gm501\desktop\game3015_a2_lamhong\game3015_a1_lamhong\x64\debug\geometrygenerator.obj
c:\users\asus gm501\desktop\game3015_a2_lamhong\game3015_a1_lamhong\x64\debug\gametimer.obj
c:\users\asus gm501\desktop\game3015_a2_lamhong\game3015_a1_lamhong\x64\debug\ddstextureloader.obj
c:\users\asus gm501\desktop\game3015_a2_lamhong\game3015_a1_lamhong\x64\debug\d3dutil.obj
c:\users\asus gm501\desktop\game3015_a2_lamhong\game3015_a1_lamhong\x64\debug\d3dapp.obj
c:\users\asus gm501\desktop\game3015_a2_lamhong\game3015_a1_lamhong\x64\debug\camera.obj
c:\users\asus gm501\desktop\game3015_a2_lamhong\game3015_a1_lamhong\x64\debug\commandqueue.obj
c:\users\asus gm501\desktop\game3015_a2_lamhong\game3015_a1_lamhong\x64\debug\command.obj
c:\users\asus gm501\desktop\game3015_a2_lamhong\game3015_a1_lamhong\x64\debug\aircraft.obj
c:\users\asus gm501\desktop\game3015_a2_lamhong\game3015_a1_lamhong\x64\debug\world.obj
c:\users\asus gm501\desktop\game3015_a2_lamhong\game3015_a1_lamhong\x64\debug\titlestate.obj
c:\users\asus gm501\desktop\game3015_a2_lamhong\game3015_a1_lamhong\x64\debug\statestack.obj
c:\users\asus gm501\desktop\game3015_a2_lamhong\game3015_a1_lamhong\x64\debug\state.obj
c:\users\asus gm501\desktop\game3015_a2_lamhong\game3015_a1_lamhong\x64\debug\scrollingground.obj
c:\users\asus gm501\desktop\game3015_a2_lamhong\x64\debug\default.cso
c:\users\asus gm501\desktop\game3015_a2_lamhong\x64\debug\game3015_a2_lamhong.exe
c:\users\asus gm501\desktop\game3015_a2_lamhong\game3015_a1_lamhong\x64\debug\game3015_a2_lamhong.ilk
c:\users\asus gm501\desktop\game3015_a2_lamhong\x64\debug\game3015_a2_lamhong.pdb
c:\users\asus gm501\desktop\game3015_a2_lamhong\game3015_a3_phupham\x64\debug\aircraft.obj
c:\users\asus gm501\desktop\game3015_a2_lamhong\game3015_a3_phupham\x64\debug\camera.obj
c:\users\asus gm501\desktop\game3015_a2_lamhong\game3015_a3_phupham\x64\debug\command.obj
c:\users\asus gm501\desktop\game3015_a2_lamhong\game3015_a3_phupham\x64\debug\commandqueue.obj
c:\users\asus gm501\desktop\game3015_a2_lamhong\game3015_a3_phupham\x64\debug\d3dapp.obj
c:\users\asus gm501\desktop\game3015_a2_lamhong\game3015_a3_phupham\x64\debug\d3dutil.obj
c:\users\asus gm501\desktop\game3015_a2_lamhong\game3015_a3_phupham\x64\debug\ddstextureloader.obj
c:\users\asus gm501\desktop\game3015_a2_lamhong\game3015_a3_phupham\x64\debug\entity.obj
c:\users\asus gm501\desktop\game3015_a2_lamhong\game3015_a3_phupham\x64\debug\frameresource.obj
c:\users\asus gm501\desktop\game3015_a2_lamhong\game3015_a3_phupham\x64\debug\game.obj
c:\users\asus gm501\desktop\game3015_a2_lamhong\game3015_a3_phupham\x64\debug\gameinfo.obj
c:\users\asus gm501\desktop\game3015_a2_lamhong\game3015_a3_phupham\x64\debug\gamestate.obj
c:\users\asus gm501\desktop\game3015_a2_lamhong\game3015_a3_phupham\x64\debug\gametimer.obj
c:\users\asus gm501\desktop\game3015_a2_lamhong\game3015_a3_phupham\x64\debug\geometrygenerator.obj
c:\users\asus gm501\desktop\game3015_a2_lamhong\game3015_a3_phupham\x64\debug\image.obj
c:\users\asus gm501\desktop\game3015_a2_lamhong\game3015_a3_phupham\x64\debug\mathhelper.obj
c:\users\asus gm501\desktop\game3015_a2_lamhong\game3015_a3_phupham\x64\debug\menustate.obj
c:\users\asus gm501\desktop\game3015_a2_lamhong\game3015_a3_phupham\x64\debug\pausestate.obj
c:\users\asus gm501\desktop\game3015_a2_lamhong\game3015_a3_phupham\x64\debug\player.obj
c:\users\asus gm501\desktop\game3015_a2_lamhong\game3015_a3_phupham\x64\debug\scenenode.obj
c:\users\asus gm501\desktop\game3015_a2_lamhong\game3015_a3_phupham\x64\debug\scrollingground.obj
c:\users\asus gm501\desktop\game3015_a2_lamhong\game3015_a3_phupham\x64\debug\state.obj
c:\users\asus gm501\desktop\game3015_a2_lamhong\game3015_a3_phupham\x64\debug\statestack.obj
c:\users\asus gm501\desktop\game3015_a2_lamhong\game3015_a3_phupham\x64\debug\titlestate.obj
c:\users\asus gm501\desktop\game3015_a2_lamhong\game3015_a3_phupham\x64\debug\world.obj
c:\users\asus gm501\desktop\game3015_a2_lamhong\game3015_a3_phupham\x64\debug\game3015_a2_lamhong.ilk
c:\users\asus gm501\desktop\game3015_a2_lamhong\game3015_a3_phupham\x64\debug\vc142.idb
c:\users\asus gm501\desktop\game3015_a2_lamhong\game3015_a3_phupham\x64\debug\vc142.pdb
c:\users\asus gm501\desktop\game3015_a2_lamhong\game3015_a3_phupham\x64\debug\game3015.5287d5b7.tlog\cl.command.1.tlog
c:\users\asus gm501\desktop\game3015_a2_lamhong\game3015_a3_phupham\x64\debug\game3015.5287d5b7.tlog\cl.read.1.tlog
c:\users\asus gm501\desktop\game3015_a2_lamhong\game3015_a3_phupham\x64\debug\game3015.5287d5b7.tlog\cl.write.1.tlog
c:\users\asus gm501\desktop\game3015_a2_lamhong\game3015_a3_phupham\x64\debug\game3015.5287d5b7.tlog\fxc.command.1.tlog
c:\users\asus gm501\desktop\game3015_a2_lamhong\game3015_a3_phupham\x64\debug\game3015.5287d5b7.tlog\fxc.read.1.tlog
c:\users\asus gm501\desktop\game3015_a2_lamhong\game3015_a3_phupham\x64\debug\game3015.5287d5b7.tlog\fxc.write.1.tlog
c:\users\asus gm501\desktop\game3015_a2_lamhong\game3015_a3_phupham\x64\debug\game3015.5287d5b7.tlog\link.command.1.tlog
c:\users\asus gm501\desktop\game3015_a2_lamhong\game3015_a3_phupham\x64\debug\game3015.5287d5b7.tlog\link.read.1.tlog
c:\users\asus gm501\desktop\game3015_a2_lamhong\game3015_a3_phupham\x64\debug\game3015.5287d5b7.tlog\link.write.1.tlog
