c:\users\asus gm501\desktop\game3015_a2_lamhong\game3015_a3_phupham\debug\vc142.pdb
c:\users\asus gm501\desktop\game3015_a2_lamhong\game3015_a3_phupham\debug\vc142.idb
c:\users\asus gm501\desktop\game3015_a2_lamhong\game3015_a3_phupham\debug\scenenode.obj
c:\users\asus gm501\desktop\game3015_a2_lamhong\game3015_a3_phupham\debug\player.obj
c:\users\asus gm501\desktop\game3015_a2_lamhong\game3015_a3_phupham\debug\pausestate.obj
c:\users\asus gm501\desktop\game3015_a2_lamhong\game3015_a3_phupham\debug\menustate.obj
c:\users\asus gm501\desktop\game3015_a2_lamhong\game3015_a3_phupham\debug\gamestate.obj
c:\users\asus gm501\desktop\game3015_a2_lamhong\game3015_a3_phupham\debug\gameinfo.obj
c:\users\asus gm501\desktop\game3015_a2_lamhong\game3015_a3_phupham\debug\entity.obj
c:\users\asus gm501\desktop\game3015_a2_lamhong\game3015_a3_phupham\debug\mathhelper.obj
c:\users\asus gm501\desktop\game3015_a2_lamhong\game3015_a3_phupham\debug\geometrygenerator.obj
c:\users\asus gm501\desktop\game3015_a2_lamhong\game3015_a3_phupham\debug\gametimer.obj
c:\users\asus gm501\desktop\game3015_a2_lamhong\game3015_a3_phupham\debug\camera.obj
c:\users\asus gm501\desktop\game3015_a2_lamhong\game3015_a3_phupham\debug\commandqueue.obj
c:\users\asus gm501\desktop\game3015_a2_lamhong\game3015_a3_phupham\debug\command.obj
c:\users\asus gm501\desktop\game3015_a2_lamhong\game3015_a3_phupham\debug\world.obj
c:\users\asus gm501\desktop\game3015_a2_lamhong\game3015_a3_phupham\debug\titlestate.obj
c:\users\asus gm501\desktop\game3015_a2_lamhong\game3015_a3_phupham\debug\statestack.obj
c:\users\asus gm501\desktop\game3015_a2_lamhong\game3015_a3_phupham\debug\state.obj
c:\users\asus gm501\desktop\game3015_a2_lamhong\debug\default.cso
c:\users\asus gm501\desktop\game3015_a2_lamhong\game3015_a3_phupham\debug\game3015.5287d5b7.tlog\cl.command.1.tlog
c:\users\asus gm501\desktop\game3015_a2_lamhong\game3015_a3_phupham\debug\game3015.5287d5b7.tlog\cl.read.1.tlog
c:\users\asus gm501\desktop\game3015_a2_lamhong\game3015_a3_phupham\debug\game3015.5287d5b7.tlog\cl.write.1.tlog
c:\users\asus gm501\desktop\game3015_a2_lamhong\game3015_a3_phupham\debug\game3015.5287d5b7.tlog\fxc.command.1.tlog
c:\users\asus gm501\desktop\game3015_a2_lamhong\game3015_a3_phupham\debug\game3015.5287d5b7.tlog\fxc.read.1.tlog
c:\users\asus gm501\desktop\game3015_a2_lamhong\game3015_a3_phupham\debug\game3015.5287d5b7.tlog\fxc.write.1.tlog
